<?xml version="1.0" encoding="UTF-8"?>
<testsuite xmlns:xsi="http://www.w3.org/2001/XMLSchema-instance" xsi:noNamespaceSchemaLocation="https://maven.apache.org/surefire/maven-surefire-plugin/xsd/surefire-test-report.xsd" name="OpenAiAssistantEngineTest" time="11.796" tests="11" errors="0" skipped="0" failures="0">
  <properties>
[...]
</properties>
  <testcase name="testConstructor" classname="OpenAiAssistantEngineTest" time="0"/>
  <testcase name="testFileUpload" classname="OpenAiAssistantEngineTest" time="0.885"/>
  <testcase name="testCreateAssistant" classname="OpenAiAssistantEngineTest" time="0.239"/>
  <testcase name="testCreateThread" classname="OpenAiAssistantEngineTest" time="0.427"/>
  <testcase name="testAddMessageToThread" classname="OpenAiAssistantEngineTest" time="0.628"/>
  <testcase name="testRetrieveAssistant" classname="OpenAiAssistantEngineTest" time="0.447"/>
  <testcase name="testListMessages" classname="OpenAiAssistantEngineTest" time="0.104"/>
  <testcase name="testCreateAndRetrieveRun" classname="OpenAiAssistantEngineTest" time="1.03"/>
  <testcase name="testWaitForRunCompletion" classname="OpenAiAssistantEngineTest" time="4.1"/>
  <testcase name="testCancelRun" classname="OpenAiAssistantEngineTest" time="2.243"/>
  <testcase name="testResourceDeletion" classname="OpenAiAssistantEngineTest" time="1.689"/>
</testsuite>